[ 2016-09-30T11:15:16+08:00 ] 192.168.1.100 /index.php?m=Home&c=api&a=get_category&parent_id=1
INFO: [ app_init ] --START--
INFO: Run Behavior\BuildLiteBehavior [ RunTime:0.000020s ]
INFO: [ app_init ] --END-- [ RunTime:0.000551s ]
INFO: [ app_begin ] --START--
INFO: Run Behavior\ReadHtmlCacheBehavior [ RunTime:0.000887s ]
INFO: [ app_begin ] --END-- [ RunTime:0.000967s ]
SQL: SHOW COLUMNS FROM `gwshop_goods_category` [ RunTime:0.0045s ]
SQL: SELECT * FROM `gwshop_goods_category` WHERE ( parent_id = 1 )  [ RunTime:0.0005s ]
NOTIC: [8] Undefined variable: html D:\xampp\htdocs\coupon\Shop\Application\Home\Controller\ApiController.class.php 第 56 行.

[ 2016-09-30T11:15:16+08:00 ] 192.168.1.100 /index.php?m=Home&c=api&a=get_category&parent_id=4
INFO: [ app_init ] --START--
INFO: Run Behavior\BuildLiteBehavior [ RunTime:0.000019s ]
INFO: [ app_init ] --END-- [ RunTime:0.000539s ]
INFO: [ app_begin ] --START--
INFO: Run Behavior\ReadHtmlCacheBehavior [ RunTime:0.000845s ]
INFO: [ app_begin ] --END-- [ RunTime:0.000926s ]
SQL: SHOW COLUMNS FROM `gwshop_goods_category` [ RunTime:0.0035s ]
SQL: SELECT * FROM `gwshop_goods_category` WHERE ( parent_id = 4 )  [ RunTime:0.0005s ]
NOTIC: [8] Undefined variable: html D:\xampp\htdocs\coupon\Shop\Application\Home\Controller\ApiController.class.php 第 56 行.

[ 2016-09-30T11:16:57+08:00 ] 192.168.1.100 /favicon.ico
INFO: [ app_init ] --START--
INFO: Run Behavior\BuildLiteBehavior [ RunTime:0.000022s ]
INFO: [ app_init ] --END-- [ RunTime:0.000610s ]

[ 2016-09-30T11:17:06+08:00 ] 192.168.1.100 /favicon.ico
INFO: [ app_init ] --START--
INFO: Run Behavior\BuildLiteBehavior [ RunTime:0.000019s ]
INFO: [ app_init ] --END-- [ RunTime:0.000469s ]

[ 2016-09-30T11:17:22+08:00 ] 192.168.1.100 /
INFO: [ app_init ] --START--
INFO: Run Behavior\BuildLiteBehavior [ RunTime:0.000014s ]
INFO: [ app_init ] --END-- [ RunTime:0.000380s ]
INFO: [ app_begin ] --START--
INFO: Run Behavior\ReadHtmlCacheBehavior [ RunTime:0.000530s ]
INFO: [ app_begin ] --END-- [ RunTime:0.000614s ]

[ 2016-09-30T11:21:54+08:00 ] 192.168.1.100 /
INFO: [ app_init ] --START--
INFO: Run Behavior\BuildLiteBehavior [ RunTime:0.000021s ]
INFO: [ app_init ] --END-- [ RunTime:0.000505s ]
INFO: [ app_begin ] --START--
INFO: Run Behavior\ReadHtmlCacheBehavior [ RunTime:0.000710s ]
INFO: [ app_begin ] --END-- [ RunTime:0.000800s ]

[ 2016-09-30T11:22:37+08:00 ] 192.168.1.100 /
INFO: [ app_init ] --START--
INFO: Run Behavior\BuildLiteBehavior [ RunTime:0.000013s ]
INFO: [ app_init ] --END-- [ RunTime:0.000356s ]
INFO: [ app_begin ] --START--
INFO: Run Behavior\ReadHtmlCacheBehavior [ RunTime:0.000425s ]
INFO: [ app_begin ] --END-- [ RunTime:0.000482s ]

[ 2016-09-30T11:23:52+08:00 ] 192.168.1.100 /
INFO: [ app_init ] --START--
INFO: Run Behavior\BuildLiteBehavior [ RunTime:0.000019s ]
INFO: [ app_init ] --END-- [ RunTime:0.000539s ]
INFO: [ app_begin ] --START--
INFO: Run Behavior\ReadHtmlCacheBehavior [ RunTime:0.001033s ]
INFO: [ app_begin ] --END-- [ RunTime:0.001134s ]

[ 2016-09-30T11:25:00+08:00 ] 192.168.1.100 /
INFO: [ app_init ] --START--
INFO: Run Behavior\BuildLiteBehavior [ RunTime:0.000013s ]
INFO: [ app_init ] --END-- [ RunTime:0.000419s ]
INFO: [ app_begin ] --START--
INFO: Run Behavior\ReadHtmlCacheBehavior [ RunTime:0.000671s ]
INFO: [ app_begin ] --END-- [ RunTime:0.000729s ]

[ 2016-09-30T11:25:37+08:00 ] 192.168.1.100 /
INFO: [ app_init ] --START--
INFO: Run Behavior\BuildLiteBehavior [ RunTime:0.000021s ]
INFO: [ app_init ] --END-- [ RunTime:0.000487s ]
INFO: [ app_begin ] --START--
INFO: Run Behavior\ReadHtmlCacheBehavior [ RunTime:0.000426s ]
INFO: [ app_begin ] --END-- [ RunTime:0.000492s ]

[ 2016-09-30T11:26:02+08:00 ] 192.168.1.100 /
INFO: [ app_init ] --START--
INFO: Run Behavior\BuildLiteBehavior [ RunTime:0.000014s ]
INFO: [ app_init ] --END-- [ RunTime:0.000345s ]
INFO: [ app_begin ] --START--
INFO: Run Behavior\ReadHtmlCacheBehavior [ RunTime:0.000416s ]
INFO: [ app_begin ] --END-- [ RunTime:0.000471s ]

[ 2016-09-30T11:27:00+08:00 ] 192.168.1.100 /
INFO: [ app_init ] --START--
INFO: Run Behavior\BuildLiteBehavior [ RunTime:0.000029s ]
INFO: [ app_init ] --END-- [ RunTime:0.000511s ]
INFO: [ app_begin ] --START--
INFO: Run Behavior\ReadHtmlCacheBehavior [ RunTime:0.000429s ]
INFO: [ app_begin ] --END-- [ RunTime:0.000484s ]

[ 2016-09-30T11:27:36+08:00 ] 192.168.1.100 /
INFO: [ app_init ] --START--
INFO: Run Behavior\BuildLiteBehavior [ RunTime:0.000013s ]
INFO: [ app_init ] --END-- [ RunTime:0.000298s ]
INFO: [ app_begin ] --START--
INFO: Run Behavior\ReadHtmlCacheBehavior [ RunTime:0.000420s ]
INFO: [ app_begin ] --END-- [ RunTime:0.000472s ]

[ 2016-09-30T11:28:15+08:00 ] 192.168.1.100 /
INFO: [ app_init ] --START--
INFO: Run Behavior\BuildLiteBehavior [ RunTime:0.000021s ]
INFO: [ app_init ] --END-- [ RunTime:0.000589s ]
INFO: [ app_begin ] --START--
INFO: Run Behavior\ReadHtmlCacheBehavior [ RunTime:0.000643s ]
INFO: [ app_begin ] --END-- [ RunTime:0.000729s ]

[ 2016-09-30T11:30:21+08:00 ] 192.168.1.100 /
INFO: [ app_init ] --START--
INFO: Run Behavior\BuildLiteBehavior [ RunTime:0.000013s ]
INFO: [ app_init ] --END-- [ RunTime:0.000422s ]
INFO: [ app_begin ] --START--
INFO: Run Behavior\ReadHtmlCacheBehavior [ RunTime:0.000766s ]
INFO: [ app_begin ] --END-- [ RunTime:0.000836s ]

[ 2016-09-30T11:33:03+08:00 ] 192.168.1.100 /
INFO: [ app_init ] --START--
INFO: Run Behavior\BuildLiteBehavior [ RunTime:0.000012s ]
INFO: [ app_init ] --END-- [ RunTime:0.000345s ]
INFO: [ app_begin ] --START--
INFO: Run Behavior\ReadHtmlCacheBehavior [ RunTime:0.000776s ]
INFO: [ app_begin ] --END-- [ RunTime:0.000835s ]
SQL: SHOW COLUMNS FROM `gwshop_goods_category` [ RunTime:0.0032s ]
SQL: SELECT id as type_id,`type_name`,`type_img` FROM `gwshop_goods_category` WHERE `parent_id` = 0 ORDER BY sort_order  [ RunTime:0.0007s ]

[ 2016-09-30T11:35:16+08:00 ] 192.168.1.100 /
INFO: [ app_init ] --START--
INFO: Run Behavior\BuildLiteBehavior [ RunTime:0.000012s ]
INFO: [ app_init ] --END-- [ RunTime:0.000354s ]
INFO: [ app_begin ] --START--
INFO: Run Behavior\ReadHtmlCacheBehavior [ RunTime:0.000613s ]
INFO: [ app_begin ] --END-- [ RunTime:0.000662s ]
SQL: SHOW COLUMNS FROM `gwshop_goods_category` [ RunTime:0.0028s ]
SQL: SELECT id as type_id,`type_name`,`type_img` FROM `gwshop_goods_category` WHERE `parent_id` = 0 ORDER BY sort_order  [ RunTime:0.0004s ]

[ 2016-09-30T11:39:14+08:00 ] 192.168.1.100 /
INFO: [ app_init ] --START--
INFO: Run Behavior\BuildLiteBehavior [ RunTime:0.000014s ]
INFO: [ app_init ] --END-- [ RunTime:0.000583s ]
INFO: [ app_begin ] --START--
INFO: Run Behavior\ReadHtmlCacheBehavior [ RunTime:0.000683s ]
INFO: [ app_begin ] --END-- [ RunTime:0.000751s ]
SQL: SHOW COLUMNS FROM `gwshop_goods_category` [ RunTime:0.0033s ]
SQL: SELECT id as type_id,`type_name`,`type_img` FROM `gwshop_goods_category` WHERE `parent_id` = 0 ORDER BY sort_order  [ RunTime:0.0004s ]

[ 2016-09-30T11:40:03+08:00 ] 192.168.1.100 /
INFO: [ app_init ] --START--
INFO: Run Behavior\BuildLiteBehavior [ RunTime:0.000012s ]
INFO: [ app_init ] --END-- [ RunTime:0.000350s ]
INFO: [ app_begin ] --START--
INFO: Run Behavior\ReadHtmlCacheBehavior [ RunTime:0.000703s ]
INFO: [ app_begin ] --END-- [ RunTime:0.000762s ]
NOTIC: [8] Undefined index: parameters D:\xampp\htdocs\coupon\Shop\Application\ApiController.class.php 第 101 行.

[ 2016-09-30T11:40:06+08:00 ] 192.168.1.100 /
INFO: [ app_init ] --START--
INFO: Run Behavior\BuildLiteBehavior [ RunTime:0.000018s ]
INFO: [ app_init ] --END-- [ RunTime:0.000537s ]
INFO: [ app_begin ] --START--
INFO: Run Behavior\ReadHtmlCacheBehavior [ RunTime:0.000624s ]
INFO: [ app_begin ] --END-- [ RunTime:0.000675s ]
SQL: SHOW COLUMNS FROM `gwshop_goods_category` [ RunTime:0.0034s ]
SQL: SELECT id as type_id,`type_name`,`type_img` FROM `gwshop_goods_category` WHERE `parent_id` = 0 ORDER BY sort_order  [ RunTime:0.0005s ]

[ 2016-09-30T11:41:00+08:00 ] 192.168.1.100 /
INFO: [ app_init ] --START--
INFO: Run Behavior\BuildLiteBehavior [ RunTime:0.000021s ]
INFO: [ app_init ] --END-- [ RunTime:0.000462s ]
INFO: [ app_begin ] --START--
INFO: Run Behavior\ReadHtmlCacheBehavior [ RunTime:0.000661s ]
INFO: [ app_begin ] --END-- [ RunTime:0.000718s ]
SQL: SHOW COLUMNS FROM `gwshop_goods_category` [ RunTime:0.0033s ]
SQL: SELECT id as type_id,`type_name`,`type_img` FROM `gwshop_goods_category` WHERE `parent_id` = 0 ORDER BY sort_order  [ RunTime:0.0007s ]

[ 2016-09-30T11:49:53+08:00 ] 192.168.1.100 /
INFO: [ app_init ] --START--
INFO: Run Behavior\BuildLiteBehavior [ RunTime:0.000014s ]
INFO: [ app_init ] --END-- [ RunTime:0.000440s ]
INFO: [ app_begin ] --START--
INFO: Run Behavior\ReadHtmlCacheBehavior [ RunTime:0.000858s ]
INFO: [ app_begin ] --END-- [ RunTime:0.000936s ]
NOTIC: [8] Undefined index: parameters D:\xampp\htdocs\coupon\Shop\Application\ApiController.class.php 第 105 行.

[ 2016-09-30T11:51:32+08:00 ] 192.168.1.100 /
INFO: [ app_init ] --START--
INFO: Run Behavior\BuildLiteBehavior [ RunTime:0.000023s ]
INFO: [ app_init ] --END-- [ RunTime:0.000690s ]
INFO: [ app_begin ] --START--
INFO: Run Behavior\ReadHtmlCacheBehavior [ RunTime:0.001011s ]
INFO: [ app_begin ] --END-- [ RunTime:0.001096s ]
SQL: SHOW COLUMNS FROM `gwshop_goods_category` [ RunTime:0.0035s ]
SQL: SELECT id as cat_id,`type_name`,`type_img` FROM `gwshop_goods_category` WHERE `parent_id` = 0 ORDER BY sort_order  [ RunTime:0.0268s ]

[ 2016-09-30T11:53:42+08:00 ] 192.168.1.100 /home/goods/categoryList
INFO: [ app_init ] --START--
INFO: Run Behavior\BuildLiteBehavior [ RunTime:0.000019s ]
INFO: [ app_init ] --END-- [ RunTime:0.000568s ]
INFO: [ app_begin ] --START--
INFO: Run Behavior\ReadHtmlCacheBehavior [ RunTime:0.000979s ]
INFO: [ app_begin ] --END-- [ RunTime:0.001062s ]
NOTIC: [8] Undefined index: parameters D:\xampp\htdocs\coupon\Shop\Application\ApiController.class.php 第 105 行.

[ 2016-09-30T11:54:07+08:00 ] 192.168.1.100 /
INFO: [ app_init ] --START--
INFO: Run Behavior\BuildLiteBehavior [ RunTime:0.000016s ]
INFO: [ app_init ] --END-- [ RunTime:0.000498s ]
INFO: [ app_begin ] --START--
INFO: Run Behavior\ReadHtmlCacheBehavior [ RunTime:0.001096s ]
INFO: [ app_begin ] --END-- [ RunTime:0.001197s ]
SQL: SHOW COLUMNS FROM `gwshop_goods_category` [ RunTime:0.0043s ]
SQL: SELECT id as cat_id,`type_name`,`type_img` FROM `gwshop_goods_category` WHERE `parent_id` = 0 ORDER BY sort_order  [ RunTime:0.0007s ]

[ 2016-09-30T11:54:51+08:00 ] 192.168.1.100 /home/goods/categoryList/parameters/%7b%22cat_id%22%3a%221%22%7d
INFO: [ app_init ] --START--
INFO: Run Behavior\BuildLiteBehavior [ RunTime:0.000011s ]
INFO: [ app_init ] --END-- [ RunTime:0.000327s ]
INFO: [ app_begin ] --START--
INFO: Run Behavior\ReadHtmlCacheBehavior [ RunTime:0.000678s ]
INFO: [ app_begin ] --END-- [ RunTime:0.000731s ]

[ 2016-09-30T11:57:39+08:00 ] 192.168.1.100 /home/goods/categoryList/parameters/%7b%22cat_id%22%3a%221%22%7d
INFO: [ app_init ] --START--
INFO: Run Behavior\BuildLiteBehavior [ RunTime:0.000012s ]
INFO: [ app_init ] --END-- [ RunTime:0.000350s ]
INFO: [ app_begin ] --START--
INFO: Run Behavior\ReadHtmlCacheBehavior [ RunTime:0.000642s ]
INFO: [ app_begin ] --END-- [ RunTime:0.000703s ]
NOTIC: [2] preg_match(): Compilation failed: range out of order in character class at offset 4 D:\xampp\htdocs\coupon\Shop\Application\Home\Controller\GoodsController.class.php 第 138 行.

[ 2016-09-30T11:57:45+08:00 ] 192.168.1.100 /home/goods/categoryList/parameters/%7b%22cat_id%22%3a%221%22%7d
INFO: [ app_init ] --START--
INFO: Run Behavior\BuildLiteBehavior [ RunTime:0.000019s ]
INFO: [ app_init ] --END-- [ RunTime:0.000560s ]
INFO: [ app_begin ] --START--
INFO: Run Behavior\ReadHtmlCacheBehavior [ RunTime:0.000965s ]
INFO: [ app_begin ] --END-- [ RunTime:0.001070s ]
NOTIC: [2] preg_match(): Compilation failed: range out of order in character class at offset 4 D:\xampp\htdocs\coupon\Shop\Application\Home\Controller\GoodsController.class.php 第 138 行.

[ 2016-09-30T13:55:42+08:00 ] 192.168.1.100 /index.php?m=Home&c=api&a=get_category&parent_id=1
INFO: [ app_init ] --START--
INFO: Run Behavior\BuildLiteBehavior [ RunTime:0.000020s ]
INFO: [ app_init ] --END-- [ RunTime:0.000553s ]
INFO: [ app_begin ] --START--
INFO: Run Behavior\ReadHtmlCacheBehavior [ RunTime:0.001177s ]
INFO: [ app_begin ] --END-- [ RunTime:0.001265s ]
SQL: SHOW COLUMNS FROM `gwshop_goods_category` [ RunTime:0.0040s ]
SQL: SELECT * FROM `gwshop_goods_category` WHERE ( parent_id = 1 )  [ RunTime:0.0005s ]
NOTIC: [8] Undefined variable: html D:\xampp\htdocs\coupon\Shop\Application\Home\Controller\ApiController.class.php 第 56 行.

[ 2016-09-30T13:55:42+08:00 ] 192.168.1.100 /index.php?m=Home&c=api&a=get_category&parent_id=4
INFO: [ app_init ] --START--
INFO: Run Behavior\BuildLiteBehavior [ RunTime:0.000021s ]
INFO: [ app_init ] --END-- [ RunTime:0.000631s ]
INFO: [ app_begin ] --START--
INFO: Run Behavior\ReadHtmlCacheBehavior [ RunTime:0.000929s ]
INFO: [ app_begin ] --END-- [ RunTime:0.001009s ]
SQL: SHOW COLUMNS FROM `gwshop_goods_category` [ RunTime:0.0041s ]
SQL: SELECT * FROM `gwshop_goods_category` WHERE ( parent_id = 4 )  [ RunTime:0.0006s ]
NOTIC: [8] Undefined variable: html D:\xampp\htdocs\coupon\Shop\Application\Home\Controller\ApiController.class.php 第 56 行.

[ 2016-09-30T14:05:07+08:00 ] 192.168.1.100 /favicon.ico
INFO: [ app_init ] --START--
INFO: Run Behavior\BuildLiteBehavior [ RunTime:0.000018s ]
INFO: [ app_init ] --END-- [ RunTime:0.000427s ]

[ 2016-09-30T14:25:10+08:00 ] 192.168.1.100 /home/goods/categoryList/parameters/%7b%22cat_id%22%3a%221%22%7d
INFO: [ app_init ] --START--
INFO: Run Behavior\BuildLiteBehavior [ RunTime:0.000014s ]
INFO: [ app_init ] --END-- [ RunTime:0.000411s ]
INFO: [ app_begin ] --START--
INFO: Run Behavior\ReadHtmlCacheBehavior [ RunTime:0.000629s ]
INFO: [ app_begin ] --END-- [ RunTime:0.000689s ]
NOTIC: [2] preg_match(): Compilation failed: range out of order in character class at offset 4 D:\xampp\htdocs\coupon\Shop\Application\Home\Controller\GoodsController.class.php 第 138 行.

[ 2016-09-30T14:25:36+08:00 ] 192.168.1.100 /home/goods/categoryList/parameters/%7b%22cat_id%22%3a%221%22%7d
INFO: [ app_init ] --START--
INFO: Run Behavior\BuildLiteBehavior [ RunTime:0.000021s ]
INFO: [ app_init ] --END-- [ RunTime:0.000565s ]
INFO: [ app_begin ] --START--
INFO: Run Behavior\ReadHtmlCacheBehavior [ RunTime:0.000956s ]
INFO: [ app_begin ] --END-- [ RunTime:0.001032s ]

[ 2016-09-30T14:27:39+08:00 ] 192.168.1.100 /home/goods/categoryList/parameters/%7b%22cat_id%22%3a%221%22%7d
INFO: [ app_init ] --START--
INFO: Run Behavior\BuildLiteBehavior [ RunTime:0.000015s ]
INFO: [ app_init ] --END-- [ RunTime:0.000447s ]
INFO: [ app_begin ] --START--
INFO: Run Behavior\ReadHtmlCacheBehavior [ RunTime:0.000700s ]
INFO: [ app_begin ] --END-- [ RunTime:0.000771s ]
NOTIC: [2] preg_match(): Compilation failed: range out of order in character class at offset 4 D:\xampp\htdocs\coupon\Shop\Application\Home\Controller\GoodsController.class.php 第 139 行.

[ 2016-09-30T14:27:54+08:00 ] 192.168.1.100 /home/goods/categoryList/parameters/%7b%22cat_id%22%3a%221%22%7d
INFO: [ app_init ] --START--
INFO: Run Behavior\BuildLiteBehavior [ RunTime:0.000019s ]
INFO: [ app_init ] --END-- [ RunTime:0.000509s ]
INFO: [ app_begin ] --START--
INFO: Run Behavior\ReadHtmlCacheBehavior [ RunTime:0.001289s ]
INFO: [ app_begin ] --END-- [ RunTime:0.001418s ]
SQL: SHOW COLUMNS FROM `gwshop_goods_category` [ RunTime:0.0042s ]
SQL: SELECT id as cat_id,`type_name`,`type_img` FROM `gwshop_goods_category` WHERE `parent_id` = 0 ORDER BY sort_order  [ RunTime:0.0007s ]
INFO: [ app_end ] --START--
INFO: Run Behavior\ShowPageTraceBehavior [ RunTime:0.000851s ]
INFO: [ app_end ] --END-- [ RunTime:0.000900s ]

[ 2016-09-30T14:27:57+08:00 ] 192.168.1.100 /home/goods/categoryList/parameters/%7B%22cat_id%22%3a%221%22%7D
INFO: [ app_init ] --START--
INFO: Run Behavior\BuildLiteBehavior [ RunTime:0.000013s ]
INFO: [ app_init ] --END-- [ RunTime:0.000354s ]
INFO: [ app_begin ] --START--
INFO: Run Behavior\ReadHtmlCacheBehavior [ RunTime:0.000670s ]
INFO: [ app_begin ] --END-- [ RunTime:0.000723s ]
SQL: SHOW COLUMNS FROM `gwshop_goods_category` [ RunTime:0.0034s ]
SQL: SELECT id as cat_id,`type_name`,`type_img` FROM `gwshop_goods_category` WHERE `parent_id` = 0 ORDER BY sort_order  [ RunTime:0.0005s ]
INFO: [ app_end ] --START--
INFO: Run Behavior\ShowPageTraceBehavior [ RunTime:0.000877s ]
INFO: [ app_end ] --END-- [ RunTime:0.000919s ]

[ 2016-09-30T14:28:10+08:00 ] 192.168.1.100 /home/goods/categoryList/parameters/%7B%22cat_id%22%3a%221%22%7D
INFO: [ app_init ] --START--
INFO: Run Behavior\BuildLiteBehavior [ RunTime:0.000011s ]
INFO: [ app_init ] --END-- [ RunTime:0.000358s ]
INFO: [ app_begin ] --START--
INFO: Run Behavior\ReadHtmlCacheBehavior [ RunTime:0.000660s ]
INFO: [ app_begin ] --END-- [ RunTime:0.000722s ]
SQL: SHOW COLUMNS FROM `gwshop_goods_category` [ RunTime:0.0030s ]
SQL: SELECT id as cat_id,`type_name`,`type_img` FROM `gwshop_goods_category` WHERE `parent_id` = 0 ORDER BY sort_order  [ RunTime:0.0004s ]

[ 2016-09-30T14:28:56+08:00 ] 192.168.1.100 /home/goods/categoryList/parameters/%7B%22cat_id%22%3a%221%22%7D
INFO: [ app_init ] --START--
INFO: Run Behavior\BuildLiteBehavior [ RunTime:0.000022s ]
INFO: [ app_init ] --END-- [ RunTime:0.000609s ]
INFO: [ app_begin ] --START--
INFO: Run Behavior\ReadHtmlCacheBehavior [ RunTime:0.001106s ]
INFO: [ app_begin ] --END-- [ RunTime:0.001218s ]
SQL: SHOW COLUMNS FROM `gwshop_goods_category` [ RunTime:0.0029s ]
SQL: SELECT id as cat_id,`type_name`,`type_img` FROM `gwshop_goods_category` WHERE `parent_id` = 1 ORDER BY sort_order  [ RunTime:0.0004s ]

[ 2016-09-30T14:29:02+08:00 ] 192.168.1.100 /home/goods/categoryList/parameters/%7B%22cat_id%22%3a%221%22%7D
INFO: [ app_init ] --START--
INFO: Run Behavior\BuildLiteBehavior [ RunTime:0.000017s ]
INFO: [ app_init ] --END-- [ RunTime:0.000421s ]
INFO: [ app_begin ] --START--
INFO: Run Behavior\ReadHtmlCacheBehavior [ RunTime:0.000826s ]
INFO: [ app_begin ] --END-- [ RunTime:0.000890s ]
SQL: SHOW COLUMNS FROM `gwshop_goods_category` [ RunTime:0.0037s ]
SQL: SELECT id as cat_id,`type_name`,`type_img` FROM `gwshop_goods_category` WHERE `parent_id` = 1 ORDER BY sort_order  [ RunTime:0.0005s ]

[ 2016-09-30T14:29:05+08:00 ] 192.168.1.100 /home/goods/categoryList/parameters/%7b%22cat_id%22%3a%221%22%7d
INFO: [ app_init ] --START--
INFO: Run Behavior\BuildLiteBehavior [ RunTime:0.000014s ]
INFO: [ app_init ] --END-- [ RunTime:0.000396s ]
INFO: [ app_begin ] --START--
INFO: Run Behavior\ReadHtmlCacheBehavior [ RunTime:0.000630s ]
INFO: [ app_begin ] --END-- [ RunTime:0.000685s ]
SQL: SHOW COLUMNS FROM `gwshop_goods_category` [ RunTime:0.0041s ]
SQL: SELECT id as cat_id,`type_name`,`type_img` FROM `gwshop_goods_category` WHERE `parent_id` = 1 ORDER BY sort_order  [ RunTime:0.0006s ]

[ 2016-09-30T14:29:06+08:00 ] 192.168.1.100 /home/goods/categoryList/parameters/%7B%22cat_id%22%3a%221%22%7D
INFO: [ app_init ] --START--
INFO: Run Behavior\BuildLiteBehavior [ RunTime:0.000013s ]
INFO: [ app_init ] --END-- [ RunTime:0.000369s ]
INFO: [ app_begin ] --START--
INFO: Run Behavior\ReadHtmlCacheBehavior [ RunTime:0.000929s ]
INFO: [ app_begin ] --END-- [ RunTime:0.001024s ]
SQL: SHOW COLUMNS FROM `gwshop_goods_category` [ RunTime:0.0037s ]
SQL: SELECT id as cat_id,`type_name`,`type_img` FROM `gwshop_goods_category` WHERE `parent_id` = 1 ORDER BY sort_order  [ RunTime:0.0006s ]

[ 2016-09-30T14:29:10+08:00 ] 192.168.1.100 /home/goods/categoryList/parameters/%7B%22cat_id%22%3a%221%22%7D
INFO: [ app_init ] --START--
INFO: Run Behavior\BuildLiteBehavior [ RunTime:0.000012s ]
INFO: [ app_init ] --END-- [ RunTime:0.000352s ]
INFO: [ app_begin ] --START--
INFO: Run Behavior\ReadHtmlCacheBehavior [ RunTime:0.000996s ]
INFO: [ app_begin ] --END-- [ RunTime:0.001086s ]
SQL: SHOW COLUMNS FROM `gwshop_goods_category` [ RunTime:0.0031s ]
SQL: SELECT id as cat_id,`type_name`,`type_img` FROM `gwshop_goods_category` WHERE `parent_id` = 1 ORDER BY sort_order  [ RunTime:0.0004s ]

[ 2016-09-30T14:29:12+08:00 ] 192.168.1.100 /home/goods/categoryList/parameters/%7B%22cat_id%22%3a%221%22%7D
INFO: [ app_init ] --START--
INFO: Run Behavior\BuildLiteBehavior [ RunTime:0.000020s ]
INFO: [ app_init ] --END-- [ RunTime:0.000577s ]
INFO: [ app_begin ] --START--
INFO: Run Behavior\ReadHtmlCacheBehavior [ RunTime:0.001051s ]
INFO: [ app_begin ] --END-- [ RunTime:0.001148s ]
SQL: SHOW COLUMNS FROM `gwshop_goods_category` [ RunTime:0.0031s ]
SQL: SELECT id as cat_id,`type_name`,`type_img` FROM `gwshop_goods_category` WHERE `parent_id` = 1 ORDER BY sort_order  [ RunTime:0.0005s ]

[ 2016-09-30T14:29:32+08:00 ] 192.168.1.100 /home/goods/categoryList/parameters/%7B%22cat_id%22%3a%221%22%7D
INFO: [ app_init ] --START--
INFO: Run Behavior\BuildLiteBehavior [ RunTime:0.000013s ]
INFO: [ app_init ] --END-- [ RunTime:0.000361s ]
INFO: [ app_begin ] --START--
INFO: Run Behavior\ReadHtmlCacheBehavior [ RunTime:0.001217s ]
INFO: [ app_begin ] --END-- [ RunTime:0.001298s ]
SQL: SHOW COLUMNS FROM `gwshop_goods_category` [ RunTime:0.0034s ]
SQL: SELECT id as cat_id,`type_name`,`type_img` FROM `gwshop_goods_category` WHERE `parent_id` = 1 ORDER BY sort_order  [ RunTime:0.0005s ]

[ 2016-09-30T14:30:32+08:00 ] 192.168.1.100 /home/goods/categoryList/parameters/%7B%22cat_id%22%3a%221%22%7D
INFO: [ app_init ] --START--
INFO: Run Behavior\BuildLiteBehavior [ RunTime:0.000014s ]
INFO: [ app_init ] --END-- [ RunTime:0.000454s ]
INFO: [ app_begin ] --START--
INFO: Run Behavior\ReadHtmlCacheBehavior [ RunTime:0.000838s ]
INFO: [ app_begin ] --END-- [ RunTime:0.000907s ]
SQL: SHOW COLUMNS FROM `gwshop_goods_category` [ RunTime:0.0036s ]
SQL: SELECT id as cat_id,`type_name`,`type_img` FROM `gwshop_goods_category` WHERE `parent_id` = 1 ORDER BY sort_order  [ RunTime:0.0006s ]

