[ 2016-10-08T08:40:15+08:00 ] 192.168.1.100 /
INFO: [ app_init ] --START--
INFO: Run Behavior\BuildLiteBehavior [ RunTime:0.000014s ]
INFO: [ app_init ] --END-- [ RunTime:0.000783s ]
INFO: [ app_begin ] --START--
INFO: Run Behavior\ReadHtmlCacheBehavior [ RunTime:0.001291s ]
INFO: [ app_begin ] --END-- [ RunTime:0.001347s ]
SQL: SHOW COLUMNS FROM `gwshop_goods_category` [ RunTime:0.0494s ]
SQL: SELECT id as cat_id,`type_name`,`type_img` FROM `gwshop_goods_category` WHERE `parent_id` = 0 ORDER BY sort_order  [ RunTime:0.0009s ]

[ 2016-10-08T08:40:15+08:00 ] 192.168.1.100 /favicon.ico
INFO: [ app_init ] --START--
INFO: Run Behavior\BuildLiteBehavior [ RunTime:0.000012s ]
INFO: [ app_init ] --END-- [ RunTime:0.000302s ]

[ 2016-10-08T08:40:37+08:00 ] 192.168.1.100 /
INFO: [ app_init ] --START--
INFO: Run Behavior\BuildLiteBehavior [ RunTime:0.000018s ]
INFO: [ app_init ] --END-- [ RunTime:0.000540s ]
INFO: [ app_begin ] --START--
INFO: Run Behavior\ReadHtmlCacheBehavior [ RunTime:0.000932s ]
INFO: [ app_begin ] --END-- [ RunTime:0.001028s ]
SQL: SHOW COLUMNS FROM `gwshop_goods_category` [ RunTime:0.0400s ]
SQL: SELECT id as cat_id,`type_name`,`type_img` FROM `gwshop_goods_category` WHERE `parent_id` = 0 ORDER BY sort_order  [ RunTime:0.0005s ]

[ 2016-10-08T08:40:40+08:00 ] 192.168.1.100 /favicon.ico
INFO: [ app_init ] --START--
INFO: Run Behavior\BuildLiteBehavior [ RunTime:0.000014s ]
INFO: [ app_init ] --END-- [ RunTime:0.000348s ]

[ 2016-10-08T08:58:54+08:00 ] 192.168.1.100 /favicon.ico
INFO: [ app_init ] --START--
INFO: Run Behavior\BuildLiteBehavior [ RunTime:0.000052s ]
INFO: [ app_init ] --END-- [ RunTime:0.000642s ]

[ 2016-10-08T09:53:20+08:00 ] 192.168.1.100 /address/getCity
INFO: [ app_init ] --START--
INFO: Run Behavior\BuildLiteBehavior [ RunTime:0.000013s ]
INFO: [ app_init ] --END-- [ RunTime:0.000375s ]
INFO: [ app_begin ] --START--
INFO: Run Behavior\ReadHtmlCacheBehavior [ RunTime:0.000601s ]
INFO: [ app_begin ] --END-- [ RunTime:0.000687s ]
SQL: SHOW COLUMNS FROM `gwshop_area_china` [ RunTime:0.0034s ]
SQL: SELECT id as city_id,`name` FROM `gwshop_area_china` WHERE `type` = 3  [ RunTime:0.0100s ]
INFO: [ app_end ] --START--
INFO: Run Behavior\ShowPageTraceBehavior [ RunTime:0.018818s ]
INFO: [ app_end ] --END-- [ RunTime:0.018895s ]

[ 2016-10-08T09:54:16+08:00 ] 192.168.1.100 /address/getCity
INFO: [ app_init ] --START--
INFO: Run Behavior\BuildLiteBehavior [ RunTime:0.000011s ]
INFO: [ app_init ] --END-- [ RunTime:0.000280s ]
INFO: [ app_begin ] --START--
INFO: Run Behavior\ReadHtmlCacheBehavior [ RunTime:0.000404s ]
INFO: [ app_begin ] --END-- [ RunTime:0.000448s ]
SQL: SHOW COLUMNS FROM `gwshop_area_china` [ RunTime:0.0033s ]
SQL: SELECT id as city_id,`name` FROM `gwshop_area_china` WHERE `type` = 3  [ RunTime:0.0022s ]
INFO: [ app_end ] --START--
INFO: Run Behavior\ShowPageTraceBehavior [ RunTime:0.000562s ]
INFO: [ app_end ] --END-- [ RunTime:0.000622s ]

[ 2016-10-08T09:56:36+08:00 ] 192.168.1.100 /address/getDistrict
INFO: [ app_init ] --START--
INFO: Run Behavior\BuildLiteBehavior [ RunTime:0.000013s ]
INFO: [ app_init ] --END-- [ RunTime:0.000374s ]
INFO: [ app_begin ] --START--
INFO: Run Behavior\ReadHtmlCacheBehavior [ RunTime:0.000481s ]
INFO: [ app_begin ] --END-- [ RunTime:0.000530s ]
NOTIC: [8] Undefined index: parameters D:\xampp\htdocs\coupon\Shop\Application\ApiController.class.php 第 105 行.

[ 2016-10-08T09:57:58+08:00 ] 192.168.1.100 /address/getDistrict/parameters/%7b%22city_id%22%3a%22110100%22%7d
INFO: [ app_init ] --START--
INFO: Run Behavior\BuildLiteBehavior [ RunTime:0.000020s ]
INFO: [ app_init ] --END-- [ RunTime:0.000571s ]
INFO: [ app_begin ] --START--
INFO: Run Behavior\ReadHtmlCacheBehavior [ RunTime:0.000452s ]
INFO: [ app_begin ] --END-- [ RunTime:0.000508s ]
SQL: SHOW COLUMNS FROM `gwshop_area_china` [ RunTime:0.0034s ]
SQL: SELECT id as district_id,`name` FROM `gwshop_area_china` WHERE `type` = 4 AND `parent_id` = 110100  [ RunTime:0.0029s ]
INFO: [ app_end ] --START--
INFO: Run Behavior\ShowPageTraceBehavior [ RunTime:0.000674s ]
INFO: [ app_end ] --END-- [ RunTime:0.000720s ]

[ 2016-10-08T10:12:10+08:00 ] 192.168.1.100 /address/getDistrict/parameters/%7b%22city_id%22%3a%22110100%22%7d
INFO: [ app_init ] --START--
INFO: Run Behavior\BuildLiteBehavior [ RunTime:0.000024s ]
INFO: [ app_init ] --END-- [ RunTime:0.000776s ]
INFO: [ app_begin ] --START--
INFO: Run Behavior\ReadHtmlCacheBehavior [ RunTime:0.000868s ]
INFO: [ app_begin ] --END-- [ RunTime:0.000955s ]
SQL: SHOW COLUMNS FROM `gwshop_area_china` [ RunTime:0.0120s ]
SQL: SELECT id as district_id,`name` FROM `gwshop_area_china` WHERE `type` = 4 AND `parent_id` = 110100  [ RunTime:0.0022s ]

[ 2016-10-08T11:34:52+08:00 ] 192.168.1.100 /login/test
INFO: [ app_init ] --START--
INFO: Run Behavior\BuildLiteBehavior [ RunTime:0.000014s ]
INFO: [ app_init ] --END-- [ RunTime:0.000423s ]
INFO: [ app_begin ] --START--
INFO: Run Behavior\ReadHtmlCacheBehavior [ RunTime:0.000488s ]
INFO: [ app_begin ] --END-- [ RunTime:0.000534s ]

[ 2016-10-08T11:34:58+08:00 ] 192.168.1.100 /login/test
INFO: [ app_init ] --START--
INFO: Run Behavior\BuildLiteBehavior [ RunTime:0.000022s ]
INFO: [ app_init ] --END-- [ RunTime:0.000490s ]
INFO: [ app_begin ] --START--
INFO: Run Behavior\ReadHtmlCacheBehavior [ RunTime:0.000950s ]
INFO: [ app_begin ] --END-- [ RunTime:0.001092s ]

[ 2016-10-08T11:45:32+08:00 ] 192.168.1.100 /login/test
INFO: [ app_init ] --START--
INFO: Run Behavior\BuildLiteBehavior [ RunTime:0.000014s ]
INFO: [ app_init ] --END-- [ RunTime:0.000396s ]
INFO: [ app_begin ] --START--
INFO: Run Behavior\ReadHtmlCacheBehavior [ RunTime:0.000541s ]
INFO: [ app_begin ] --END-- [ RunTime:0.000589s ]

[ 2016-10-08T11:45:43+08:00 ] 192.168.1.100 /login/test
INFO: [ app_init ] --START--
INFO: Run Behavior\BuildLiteBehavior [ RunTime:0.000012s ]
INFO: [ app_init ] --END-- [ RunTime:0.000280s ]
INFO: [ app_begin ] --START--
INFO: Run Behavior\ReadHtmlCacheBehavior [ RunTime:0.000388s ]
INFO: [ app_begin ] --END-- [ RunTime:0.000433s ]
ERR: Think\Controller:object_array方法不存在！

[ 2016-10-08T11:47:38+08:00 ] 192.168.1.100 /login/test
INFO: [ app_init ] --START--
INFO: Run Behavior\BuildLiteBehavior [ RunTime:0.000013s ]
INFO: [ app_init ] --END-- [ RunTime:0.000356s ]
INFO: [ app_begin ] --START--
INFO: Run Behavior\ReadHtmlCacheBehavior [ RunTime:0.000486s ]
INFO: [ app_begin ] --END-- [ RunTime:0.000531s ]
NOTIC: [8] Array to string conversion D:\xampp\htdocs\coupon\Shop\Application\Home\Controller\LoginController.class.php 第 258 行.

[ 2016-10-08T11:47:50+08:00 ] 192.168.1.100 /login/test
INFO: [ app_init ] --START--
INFO: Run Behavior\BuildLiteBehavior [ RunTime:0.000011s ]
INFO: [ app_init ] --END-- [ RunTime:0.000307s ]
INFO: [ app_begin ] --START--
INFO: Run Behavior\ReadHtmlCacheBehavior [ RunTime:0.000379s ]
INFO: [ app_begin ] --END-- [ RunTime:0.000439s ]

[ 2016-10-08T11:48:19+08:00 ] 192.168.1.100 /login/test
INFO: [ app_init ] --START--
INFO: Run Behavior\BuildLiteBehavior [ RunTime:0.000013s ]
INFO: [ app_init ] --END-- [ RunTime:0.000340s ]
INFO: [ app_begin ] --START--
INFO: Run Behavior\ReadHtmlCacheBehavior [ RunTime:0.000420s ]
INFO: [ app_begin ] --END-- [ RunTime:0.000493s ]

[ 2016-10-08T11:56:24+08:00 ] 192.168.1.100 /login/test
INFO: [ app_init ] --START--
INFO: Run Behavior\BuildLiteBehavior [ RunTime:0.000021s ]
INFO: [ app_init ] --END-- [ RunTime:0.000451s ]
INFO: [ app_begin ] --START--
INFO: Run Behavior\ReadHtmlCacheBehavior [ RunTime:0.000667s ]
INFO: [ app_begin ] --END-- [ RunTime:0.000755s ]

[ 2016-10-08T11:56:27+08:00 ] 192.168.1.100 /login/test
INFO: [ app_init ] --START--
INFO: Run Behavior\BuildLiteBehavior [ RunTime:0.000014s ]
INFO: [ app_init ] --END-- [ RunTime:0.000305s ]
INFO: [ app_begin ] --START--
INFO: Run Behavior\ReadHtmlCacheBehavior [ RunTime:0.000357s ]
INFO: [ app_begin ] --END-- [ RunTime:0.000400s ]

[ 2016-10-08T11:57:14+08:00 ] 192.168.1.100 /login/test
INFO: [ app_init ] --START--
INFO: Run Behavior\BuildLiteBehavior [ RunTime:0.000020s ]
INFO: [ app_init ] --END-- [ RunTime:0.000463s ]
INFO: [ app_begin ] --START--
INFO: Run Behavior\ReadHtmlCacheBehavior [ RunTime:0.001076s ]
INFO: [ app_begin ] --END-- [ RunTime:0.001172s ]

[ 2016-10-08T13:00:52+08:00 ] 192.168.1.100 /login/test
INFO: [ app_init ] --START--
INFO: Run Behavior\BuildLiteBehavior [ RunTime:0.000011s ]
INFO: [ app_init ] --END-- [ RunTime:0.000375s ]
INFO: [ app_begin ] --START--
INFO: Run Behavior\ReadHtmlCacheBehavior [ RunTime:0.001063s ]
INFO: [ app_begin ] --END-- [ RunTime:0.001140s ]

[ 2016-10-08T14:44:01+08:00 ] 192.168.1.100 /favicon.ico
INFO: [ app_init ] --START--
INFO: Run Behavior\BuildLiteBehavior [ RunTime:0.000019s ]
INFO: [ app_init ] --END-- [ RunTime:0.000719s ]

[ 2016-10-08T14:57:28+08:00 ] 192.168.1.100 /favicon.ico
INFO: [ app_init ] --START--
INFO: Run Behavior\BuildLiteBehavior [ RunTime:0.000014s ]
INFO: [ app_init ] --END-- [ RunTime:0.000419s ]

[ 2016-10-08T14:57:35+08:00 ] 192.168.1.100 /home/login/test
INFO: [ app_init ] --START--
INFO: Run Behavior\BuildLiteBehavior [ RunTime:0.000011s ]
INFO: [ app_init ] --END-- [ RunTime:0.000326s ]
INFO: [ app_begin ] --START--
INFO: Run Behavior\ReadHtmlCacheBehavior [ RunTime:0.000511s ]
INFO: [ app_begin ] --END-- [ RunTime:0.000557s ]

[ 2016-10-08T14:57:35+08:00 ] 192.168.1.100 /favicon.ico
INFO: [ app_init ] --START--
INFO: Run Behavior\BuildLiteBehavior [ RunTime:0.000036s ]
INFO: [ app_init ] --END-- [ RunTime:0.001316s ]

[ 2016-10-08T15:07:43+08:00 ] 192.168.1.100 /login/sendNoteCode
INFO: [ app_init ] --START--
INFO: Run Behavior\BuildLiteBehavior [ RunTime:0.000012s ]
INFO: [ app_init ] --END-- [ RunTime:0.000365s ]
INFO: [ app_begin ] --START--
INFO: Run Behavior\ReadHtmlCacheBehavior [ RunTime:0.000607s ]
INFO: [ app_begin ] --END-- [ RunTime:0.000664s ]
NOTIC: [8] Undefined index: parameters D:\xampp\htdocs\coupon\Shop\Application\ApiController.class.php 第 105 行.

[ 2016-10-08T15:08:18+08:00 ] 192.168.1.100 /login/sendNoteCode/%7b%22mobile%22%3a%2213675091372%22%7d
INFO: [ app_init ] --START--
INFO: Run Behavior\BuildLiteBehavior [ RunTime:0.000011s ]
INFO: [ app_init ] --END-- [ RunTime:0.000302s ]
INFO: [ app_begin ] --START--
INFO: Run Behavior\ReadHtmlCacheBehavior [ RunTime:0.000390s ]
INFO: [ app_begin ] --END-- [ RunTime:0.000434s ]
NOTIC: [8] Undefined index: parameters D:\xampp\htdocs\coupon\Shop\Application\ApiController.class.php 第 105 行.

[ 2016-10-08T15:08:48+08:00 ] 192.168.1.100 /login/sendNoteCode/Parameters/%7B%22mobile%22%3a%2213675091372%22%7D
INFO: [ app_init ] --START--
INFO: Run Behavior\BuildLiteBehavior [ RunTime:0.000018s ]
INFO: [ app_init ] --END-- [ RunTime:0.000309s ]
INFO: [ app_begin ] --START--
INFO: Run Behavior\ReadHtmlCacheBehavior [ RunTime:0.000556s ]
INFO: [ app_begin ] --END-- [ RunTime:0.000624s ]
NOTIC: [8] Undefined index: parameters D:\xampp\htdocs\coupon\Shop\Application\ApiController.class.php 第 105 行.

[ 2016-10-08T15:08:52+08:00 ] 192.168.1.100 /login/sendNoteCode/parameters/%7B%22mobile%22%3a%2213675091372%22%7D
INFO: [ app_init ] --START--
INFO: Run Behavior\BuildLiteBehavior [ RunTime:0.000013s ]
INFO: [ app_init ] --END-- [ RunTime:0.000310s ]
INFO: [ app_begin ] --START--
INFO: Run Behavior\ReadHtmlCacheBehavior [ RunTime:0.000388s ]
INFO: [ app_begin ] --END-- [ RunTime:0.000433s ]
NOTIC: [8] Undefined index: err_code D:\xampp\htdocs\coupon\Shop\Application\Home\Controller\LoginController.class.php 第 278 行.

[ 2016-10-08T15:09:00+08:00 ] 192.168.1.100 /login/sendNoteCode/parameters/%7B%22mobile%22%3a%2213675091372%22%7D
INFO: [ app_init ] --START--
INFO: Run Behavior\BuildLiteBehavior [ RunTime:0.000011s ]
INFO: [ app_init ] --END-- [ RunTime:0.000280s ]
INFO: [ app_begin ] --START--
INFO: Run Behavior\ReadHtmlCacheBehavior [ RunTime:0.000399s ]
INFO: [ app_begin ] --END-- [ RunTime:0.000447s ]

[ 2016-10-08T15:10:32+08:00 ] 192.168.1.100 /login/sendNoteCode/parameters/%7B%22mobile%22%3a%2213675091372%22%7D
INFO: [ app_init ] --START--
INFO: Run Behavior\BuildLiteBehavior [ RunTime:0.000012s ]
INFO: [ app_init ] --END-- [ RunTime:0.000363s ]
INFO: [ app_begin ] --START--
INFO: Run Behavior\ReadHtmlCacheBehavior [ RunTime:0.000567s ]
INFO: [ app_begin ] --END-- [ RunTime:0.000624s ]

[ 2016-10-08T15:10:33+08:00 ] 192.168.1.100 /login/sendNoteCode/parameters/%7B%22mobile%22%3a%2213675091372%22%7D
INFO: [ app_init ] --START--
INFO: Run Behavior\BuildLiteBehavior [ RunTime:0.000013s ]
INFO: [ app_init ] --END-- [ RunTime:0.000327s ]
INFO: [ app_begin ] --START--
INFO: Run Behavior\ReadHtmlCacheBehavior [ RunTime:0.000410s ]
INFO: [ app_begin ] --END-- [ RunTime:0.000461s ]

[ 2016-10-08T15:11:49+08:00 ] 192.168.1.100 /login/sendNoteCode/parameters/%7B%22mobile%22%3a%2213675091372%22%7D
INFO: [ app_init ] --START--
INFO: Run Behavior\BuildLiteBehavior [ RunTime:0.000011s ]
INFO: [ app_init ] --END-- [ RunTime:0.000307s ]
INFO: [ app_begin ] --START--
INFO: Run Behavior\ReadHtmlCacheBehavior [ RunTime:0.000634s ]
INFO: [ app_begin ] --END-- [ RunTime:0.000714s ]

[ 2016-10-08T15:18:34+08:00 ] 192.168.1.100 /login/sendNoteCode/parameters/%7B%22mobile%22%3a%2213675091372%22%7D
INFO: [ app_init ] --START--
INFO: Run Behavior\BuildLiteBehavior [ RunTime:0.000015s ]
INFO: [ app_init ] --END-- [ RunTime:0.000563s ]
INFO: [ app_begin ] --START--
INFO: Run Behavior\ReadHtmlCacheBehavior [ RunTime:0.000554s ]
INFO: [ app_begin ] --END-- [ RunTime:0.000610s ]
NOTIC: [8] Undefined index: err_code D:\xampp\htdocs\coupon\Shop\Application\Home\Controller\LoginController.class.php 第 291 行.

[ 2016-10-08T15:19:09+08:00 ] 192.168.1.100 /login/sendNoteCode/parameters/%7B%22mobile%22%3a%2213675091372%22%7D
INFO: [ app_init ] --START--
INFO: Run Behavior\BuildLiteBehavior [ RunTime:0.000012s ]
INFO: [ app_init ] --END-- [ RunTime:0.000321s ]
INFO: [ app_begin ] --START--
INFO: Run Behavior\ReadHtmlCacheBehavior [ RunTime:0.000388s ]
INFO: [ app_begin ] --END-- [ RunTime:0.000433s ]

[ 2016-10-08T16:18:35+08:00 ] 192.168.1.100 /login/sendNoteCode/parameters/%7B%22mobile%22%3a%2213675091372%22%7D
INFO: [ app_init ] --START--
INFO: Run Behavior\BuildLiteBehavior [ RunTime:0.000012s ]
INFO: [ app_init ] --END-- [ RunTime:0.000425s ]
INFO: [ app_begin ] --START--
INFO: Run Behavior\ReadHtmlCacheBehavior [ RunTime:0.000831s ]
INFO: [ app_begin ] --END-- [ RunTime:0.000910s ]
NOTIC: [8] Undefined index: err_code D:\xampp\htdocs\coupon\Shop\Application\Home\Controller\LoginController.class.php 第 199 行.

