[ 2016-10-09T09:03:59+08:00 ] 192.168.1.100 /admin
INFO: [ app_init ] --START--
INFO: Run Behavior\BuildLiteBehavior [ RunTime:0.000014s ]
INFO: [ app_init ] --END-- [ RunTime:0.000401s ]
INFO: [ app_begin ] --START--
INFO: Run Behavior\ReadHtmlCacheBehavior [ RunTime:0.000566s ]
INFO: [ app_begin ] --END-- [ RunTime:0.000624s ]

[ 2016-10-09T09:04:00+08:00 ] 192.168.1.100 /index.php/Admin/Login/index.html
INFO: [ app_init ] --START--
INFO: Run Behavior\BuildLiteBehavior [ RunTime:0.000011s ]
INFO: [ app_init ] --END-- [ RunTime:0.000281s ]
INFO: [ app_begin ] --START--
INFO: Run Behavior\ReadHtmlCacheBehavior [ RunTime:0.000503s ]
INFO: [ app_begin ] --END-- [ RunTime:0.000568s ]
INFO: [ view_parse ] --START--
INFO: [ template_filter ] --START--
INFO: Run Behavior\ContentReplaceBehavior [ RunTime:0.012607s ]
INFO: [ template_filter ] --END-- [ RunTime:0.012677s ]
INFO: Run Behavior\ParseTemplateBehavior [ RunTime:0.048904s ]
INFO: [ view_parse ] --END-- [ RunTime:0.048957s ]
INFO: [ view_filter ] --START--
INFO: Run Behavior\WriteHtmlCacheBehavior [ RunTime:0.006032s ]
INFO: [ view_filter ] --END-- [ RunTime:0.006068s ]
INFO: [ app_end ] --START--
INFO: Run Behavior\ShowPageTraceBehavior [ RunTime:0.013271s ]
INFO: [ app_end ] --END-- [ RunTime:0.013328s ]

[ 2016-10-09T09:04:00+08:00 ] 192.168.1.100 /index.php/Admin/Login/verify.html
INFO: [ app_init ] --START--
INFO: Run Behavior\BuildLiteBehavior [ RunTime:0.000019s ]
INFO: [ app_init ] --END-- [ RunTime:0.000552s ]
INFO: [ app_begin ] --START--
INFO: Run Behavior\ReadHtmlCacheBehavior [ RunTime:0.001048s ]
INFO: [ app_begin ] --END-- [ RunTime:0.001336s ]
INFO: [ app_end ] --START--
INFO: Run Behavior\ShowPageTraceBehavior [ RunTime:0.000642s ]
INFO: [ app_end ] --END-- [ RunTime:0.000721s ]

[ 2016-10-09T09:04:07+08:00 ] 192.168.1.100 /index.php?m=Admin&c=Login&a=login&t=0.010421488201245666
INFO: [ app_init ] --START--
INFO: Run Behavior\BuildLiteBehavior [ RunTime:0.000013s ]
INFO: [ app_init ] --END-- [ RunTime:0.000322s ]
INFO: [ app_begin ] --START--
INFO: Run Behavior\ReadHtmlCacheBehavior [ RunTime:0.000644s ]
INFO: [ app_begin ] --END-- [ RunTime:0.000712s ]
SQL: SHOW COLUMNS FROM `gwshop_admin` [ RunTime:0.0443s ]
SQL: SELECT * FROM `gwshop_admin` INNER JOIN gwshop_admin_role ON gwshop_admin.role_id=gwshop_admin_role.role_id  WHERE `user_name` = 'admin' AND `password` = '1ec6c02ecd57e229429739a521ac6bfa' LIMIT 1   [ RunTime:0.0417s ]
SQL: SHOW COLUMNS FROM `gwshop_admin_log` [ RunTime:0.0118s ]
SQL: INSERT INTO `gwshop_admin_log` (`log_time`,`admin_id`,`log_info`,`log_ip`,`log_url`) VALUES ('1475975047','1','后台登录','192.168.1.100','/index.php/Admin/Login/login') [ RunTime:0.1633s ]
SQL: SHOW COLUMNS FROM `gwshop_admin` [ RunTime:0.0027s ]
SQL: UPDATE `gwshop_admin` SET `last_login`='1475975047',`last_ip`='192' WHERE `id` = 1 [ RunTime:0.1632s ]

[ 2016-10-09T09:04:07+08:00 ] 192.168.1.100 /index.php/Admin/Index/index.html
INFO: [ app_init ] --START--
INFO: Run Behavior\BuildLiteBehavior [ RunTime:0.000016s ]
INFO: [ app_init ] --END-- [ RunTime:0.000565s ]
INFO: [ app_begin ] --START--
INFO: Run Behavior\ReadHtmlCacheBehavior [ RunTime:0.000402s ]
INFO: [ app_begin ] --END-- [ RunTime:0.000551s ]
SQL: SHOW COLUMNS FROM `gwshop_system_module` [ RunTime:0.0453s ]
SQL: SELECT * FROM `gwshop_system_module` WHERE ( level>1 AND visible=1 ) ORDER BY mod_id ASC  [ RunTime:0.0008s ]
SQL: SHOW COLUMNS FROM `gwshop_admin` [ RunTime:0.0043s ]
SQL: SELECT * FROM `gwshop_admin` WHERE ( id=1 ) LIMIT 1   [ RunTime:0.0004s ]
INFO: [ view_parse ] --START--
INFO: [ template_filter ] --START--
INFO: Run Behavior\ContentReplaceBehavior [ RunTime:0.000088s ]
INFO: [ template_filter ] --END-- [ RunTime:0.000138s ]
NOTIC: [8] Undefined variable: upgradeMsg D:\xampp\htdocs\coupon\Shop\Application\Runtime\Cache\Admin\53b217750b9cbf232ba2e599f9229ce3.php 第 50 行.
NOTIC: [8] Undefined variable: upgradeMsg D:\xampp\htdocs\coupon\Shop\Application\Runtime\Cache\Admin\53b217750b9cbf232ba2e599f9229ce3.php 第 53 行.
NOTIC: [8] Undefined variable: order_amount D:\xampp\htdocs\coupon\Shop\Application\Runtime\Cache\Admin\53b217750b9cbf232ba2e599f9229ce3.php 第 265 行.
INFO: Run Behavior\ParseTemplateBehavior [ RunTime:0.070600s ]
INFO: [ view_parse ] --END-- [ RunTime:0.070669s ]
INFO: [ view_filter ] --START--
INFO: Run Behavior\WriteHtmlCacheBehavior [ RunTime:0.000438s ]
INFO: [ view_filter ] --END-- [ RunTime:0.000477s ]
INFO: [ app_end ] --START--
INFO: Run Behavior\ShowPageTraceBehavior [ RunTime:0.000724s ]
INFO: [ app_end ] --END-- [ RunTime:0.000776s ]

[ 2016-10-09T09:04:08+08:00 ] 192.168.1.100 /index.php/Admin/System/login_task.html
INFO: [ app_init ] --START--
INFO: Run Behavior\BuildLiteBehavior [ RunTime:0.000019s ]
INFO: [ app_init ] --END-- [ RunTime:0.000452s ]
INFO: [ app_begin ] --START--
INFO: Run Behavior\ReadHtmlCacheBehavior [ RunTime:0.000586s ]
INFO: [ app_begin ] --END-- [ RunTime:0.000667s ]
SQL: SHOW COLUMNS FROM `gwshop_cart` [ RunTime:0.0287s ]
ERR: 1054:Unknown column 'add_time' in 'where clause'
 [ SQL语句 ] : DELETE FROM `gwshop_cart` WHERE ( user_id = 0 and  add_time < 1475971448 )
ERR: 1054:Unknown column 'add_time' in 'where clause'
 [ SQL语句 ] : DELETE FROM `gwshop_cart` WHERE ( user_id = 0 and  add_time < 1475971448 )

[ 2016-10-09T09:04:08+08:00 ] 192.168.1.100 /index.php/Admin/Index/welcome.html
INFO: [ app_init ] --START--
INFO: Run Behavior\BuildLiteBehavior [ RunTime:0.000020s ]
INFO: [ app_init ] --END-- [ RunTime:0.000604s ]
INFO: [ app_begin ] --START--
INFO: Run Behavior\ReadHtmlCacheBehavior [ RunTime:0.000559s ]
INFO: [ app_begin ] --END-- [ RunTime:0.000617s ]
NOTIC: [2] file_get_contents(./Application/Admin/Conf/version.txt): failed to open stream: No such file or directory D:\xampp\htdocs\coupon\Shop\Application\Admin\Controller\IndexController.class.php 第 52 行.
SQL: SELECT VERSION() as version [ RunTime:0.0004s ]
NOTIC: [8] Undefined index: version D:\xampp\htdocs\coupon\Shop\Application\Admin\Controller\IndexController.class.php 第 54 行.
SQL: SHOW COLUMNS FROM `gwshop_order` [ RunTime:0.0286s ]
SQL: SELECT COUNT(*) AS tp_count FROM `gwshop_order` WHERE ( add_time>1475888648  ) LIMIT 1   [ RunTime:0.0038s ]
SQL: SELECT COUNT(*) AS tp_count FROM `gwshop_order` WHERE ( add_time>1475888648 ) LIMIT 1   [ RunTime:0.0004s ]
SQL: SHOW COLUMNS FROM `gwshop_goods` [ RunTime:0.0311s ]
SQL: SELECT COUNT(*) AS tp_count FROM `gwshop_goods` WHERE ( 1=1 ) LIMIT 1   [ RunTime:0.0006s ]
SQL: SHOW COLUMNS FROM `gwshop_article` [ RunTime:0.0293s ]
SQL: SELECT COUNT(*) AS tp_count FROM `gwshop_article` WHERE ( 1=1 ) LIMIT 1   [ RunTime:0.0003s ]
SQL: SHOW COLUMNS FROM `gwshop_user` [ RunTime:0.0637s ]
SQL: SELECT COUNT(*) AS tp_count FROM `gwshop_user` WHERE ( 1=1 ) LIMIT 1   [ RunTime:0.0015s ]
SQL: SELECT COUNT(*) AS tp_count FROM `gwshop_user` WHERE ( last_login>1475888648 ) LIMIT 1   [ RunTime:0.0003s ]
SQL: SELECT COUNT(*) AS tp_count FROM `gwshop_user` WHERE ( reg_time>1475888648 ) LIMIT 1   [ RunTime:0.0002s ]
SQL: SHOW COLUMNS FROM `gwshop_comments` [ RunTime:0.0291s ]
SQL: SELECT COUNT(*) AS tp_count FROM `gwshop_comments` WHERE ( status=0 ) LIMIT 1   [ RunTime:0.0005s ]
INFO: [ view_parse ] --START--
INFO: [ template_filter ] --START--
INFO: Run Behavior\ContentReplaceBehavior [ RunTime:0.000071s ]
INFO: [ template_filter ] --END-- [ RunTime:0.000122s ]
NOTIC: [8] Undefined variable: navigate_admin D:\xampp\htdocs\coupon\Shop\Application\Runtime\Cache\Admin\12145563cf0c04f01d01ba2c5b407ac2.php 第 67 行.
INFO: Run Behavior\ParseTemplateBehavior [ RunTime:0.029377s ]
INFO: [ view_parse ] --END-- [ RunTime:0.029451s ]
INFO: [ view_filter ] --START--
INFO: Run Behavior\WriteHtmlCacheBehavior [ RunTime:0.000523s ]
INFO: [ view_filter ] --END-- [ RunTime:0.000588s ]
INFO: [ app_end ] --START--
INFO: Run Behavior\ShowPageTraceBehavior [ RunTime:0.000626s ]
INFO: [ app_end ] --END-- [ RunTime:0.000685s ]

